@!@!@STARTMSG 2262:0 @!@!@
TLC2 Version 2.09 of 10 March 2017
@!@!@ENDMSG 2262 @!@!@
@!@!@STARTMSG 2187:0 @!@!@
Running in Model-Checking mode with 2 workers.
@!@!@ENDMSG 2187 @!@!@
@!@!@STARTMSG 2220:0 @!@!@
Starting SANY...
@!@!@ENDMSG 2220 @!@!@
Parsing file MC.tla
Parsing file WriteThroughCache.tla
Parsing file D:\tla-toolbox-1.5.3\plugins\org.lamport.tlatools_1.0.0.201704142137\tla2sany\StandardModules\TLC.tla
Parsing file D:\tla-toolbox-1.5.3\plugins\org.lamport.tlatools_1.0.0.201704142137\tla2sany\StandardModules\Naturals.tla
Parsing file D:\tla-toolbox-1.5.3\plugins\org.lamport.tlatools_1.0.0.201704142137\tla2sany\StandardModules\Sequences.tla
Parsing file MemoryInterface.tla
Parsing file InternalMemory.tla
Parsing file Memory.tla
Semantic processing of module Naturals
Semantic processing of module Sequences
Semantic processing of module MemoryInterface
Semantic processing of module InternalMemory
Semantic processing of module Memory
Semantic processing of module WriteThroughCache
Semantic processing of module TLC
Semantic processing of module MC
@!@!@STARTMSG 2219:0 @!@!@
SANY finished.
@!@!@ENDMSG 2219 @!@!@
@!@!@STARTMSG 2185:0 @!@!@
Starting... (2017-05-24 20:18:11)
@!@!@ENDMSG 2185 @!@!@
@!@!@STARTMSG 2189:0 @!@!@
Computing initial states...
@!@!@ENDMSG 2189 @!@!@
@!@!@STARTMSG 2190:0 @!@!@
Finished computing initial states: 4 distinct states generated.
@!@!@ENDMSG 2190 @!@!@
@!@!@STARTMSG 2200:0 @!@!@
Progress(9) at 2017-05-24 20:18:16: 147581 states generated (147,581 s/min), 41647 distinct states found (41,647 ds/min), 23436 states left on queue.
@!@!@ENDMSG 2200 @!@!@
@!@!@STARTMSG 2200:0 @!@!@
Progress(17) at 2017-05-24 20:19:16: 15686813 states generated (15,539,232 s/min), 2563547 distinct states found (2,521,900 ds/min), 576852 states left on queue.
@!@!@ENDMSG 2200 @!@!@
@!@!@STARTMSG 2200:0 @!@!@
Progress(20) at 2017-05-24 20:20:16: 31067267 states generated (15,380,454 s/min), 4283354 distinct states found (1,719,807 ds/min), 431975 states left on queue.
@!@!@ENDMSG 2200 @!@!@
@!@!@STARTMSG 2193:0 @!@!@
Model checking completed. No error has been found.
  Estimates of the probability that TLC did not check all reachable states
  because two distinct states had the same fingerprint:
  calculated (optimistic):  val = 1.1E-5
  based on the actual fingerprints:  val = 1.9E-7
@!@!@ENDMSG 2193 @!@!@
@!@!@STARTMSG 2201:0 @!@!@
The coverage statistics at 2017-05-24 20:21:00
@!@!@ENDMSG 2201 @!@!@
@!@!@STARTMSG 2221:0 @!@!@
  line 18, col 20 to line 18, col 49 of module InternalMemory: 14096640
@!@!@ENDMSG 2221 @!@!@
@!@!@STARTMSG 2221:0 @!@!@
  line 19, col 20 to line 19, col 52 of module InternalMemory: 14096640
@!@!@ENDMSG 2221 @!@!@
@!@!@STARTMSG 2221:0 @!@!@
  line 20, col 24 to line 20, col 26 of module InternalMemory: 14096640
@!@!@ENDMSG 2221 @!@!@
@!@!@STARTMSG 2221:0 @!@!@
  line 23, col 35 to line 23, col 39 of module WriteThroughCache: 14096640
@!@!@ENDMSG 2221 @!@!@
@!@!@STARTMSG 2221:0 @!@!@
  line 23, col 42 to line 23, col 45 of module WriteThroughCache: 14096640
@!@!@ENDMSG 2221 @!@!@
@!@!@STARTMSG 2221:0 @!@!@
  line 24, col 35 to line 24, col 39 of module WriteThroughCache: 2349440
@!@!@ENDMSG 2221 @!@!@
@!@!@STARTMSG 2221:0 @!@!@
  line 24, col 42 to line 24, col 45 of module WriteThroughCache: 2349440
@!@!@ENDMSG 2221 @!@!@
@!@!@STARTMSG 2221:0 @!@!@
  line 29, col 18 to line 29, col 52 of module WriteThroughCache: 110848
@!@!@ENDMSG 2221 @!@!@
@!@!@STARTMSG 2221:0 @!@!@
  line 30, col 18 to line 30, col 53 of module WriteThroughCache: 110848
@!@!@ENDMSG 2221 @!@!@
@!@!@STARTMSG 2221:0 @!@!@
  line 31, col 30 to line 31, col 35 of module WriteThroughCache: 110848
@!@!@ENDMSG 2221 @!@!@
@!@!@STARTMSG 2221:0 @!@!@
  line 31, col 38 to line 31, col 41 of module WriteThroughCache: 110848
@!@!@ENDMSG 2221 @!@!@
@!@!@STARTMSG 2221:0 @!@!@
  line 31, col 44 to line 31, col 46 of module WriteThroughCache: 110848
@!@!@ENDMSG 2221 @!@!@
@!@!@STARTMSG 2221:0 @!@!@
  line 31, col 49 to line 31, col 53 of module WriteThroughCache: 110848
@!@!@ENDMSG 2221 @!@!@
@!@!@STARTMSG 2221:0 @!@!@
  line 33, col 4 to line 33, col 23 of module MC: 2349440
@!@!@ENDMSG 2221 @!@!@
@!@!@STARTMSG 2221:0 @!@!@
  line 34, col 4 to line 34, col 16 of module MC: 0
@!@!@ENDMSG 2221 @!@!@
@!@!@STARTMSG 2221:0 @!@!@
  line 35, col 14 to line 35, col 44 of module InternalMemory: 2349440
@!@!@ENDMSG 2221 @!@!@
@!@!@STARTMSG 2221:0 @!@!@
  line 36, col 26 to line 36, col 28 of module InternalMemory: 2349440
@!@!@ENDMSG 2221 @!@!@
@!@!@STARTMSG 2221:0 @!@!@
  line 36, col 31 to line 36, col 33 of module InternalMemory: 2349440
@!@!@ENDMSG 2221 @!@!@
@!@!@STARTMSG 2221:0 @!@!@
  line 37, col 6 to line 37, col 52 of module WriteThroughCache: 999424
@!@!@ENDMSG 2221 @!@!@
@!@!@STARTMSG 2221:0 @!@!@
  line 38, col 6 to line 38, col 38 of module WriteThroughCache: 999424
@!@!@ENDMSG 2221 @!@!@
@!@!@STARTMSG 2221:0 @!@!@
  line 39, col 18 to line 39, col 23 of module WriteThroughCache: 999424
@!@!@ENDMSG 2221 @!@!@
@!@!@STARTMSG 2221:0 @!@!@
  line 39, col 26 to line 39, col 29 of module WriteThroughCache: 999424
@!@!@ENDMSG 2221 @!@!@
@!@!@STARTMSG 2221:0 @!@!@
  line 39, col 32 to line 39, col 36 of module WriteThroughCache: 999424
@!@!@ENDMSG 2221 @!@!@
@!@!@STARTMSG 2221:0 @!@!@
  line 39, col 39 to line 39, col 42 of module WriteThroughCache: 999424
@!@!@ENDMSG 2221 @!@!@
@!@!@STARTMSG 2221:0 @!@!@
  line 41, col 4 to line 41, col 23 of module MC: 14096640
@!@!@ENDMSG 2221 @!@!@
@!@!@STARTMSG 2221:0 @!@!@
  line 42, col 4 to line 42, col 16 of module MC: 0
@!@!@ENDMSG 2221 @!@!@
@!@!@STARTMSG 2221:0 @!@!@
  line 45, col 10 to line 48, col 37 of module WriteThroughCache: 443392
@!@!@ENDMSG 2221 @!@!@
@!@!@STARTMSG 2221:0 @!@!@
  line 49, col 10 to line 49, col 39 of module WriteThroughCache: 443392
@!@!@ENDMSG 2221 @!@!@
@!@!@STARTMSG 2221:0 @!@!@
  line 50, col 10 to line 50, col 41 of module WriteThroughCache: 443392
@!@!@ENDMSG 2221 @!@!@
@!@!@STARTMSG 2221:0 @!@!@
  line 51, col 10 to line 51, col 42 of module WriteThroughCache: 443392
@!@!@ENDMSG 2221 @!@!@
@!@!@STARTMSG 2221:0 @!@!@
  line 52, col 22 to line 52, col 27 of module WriteThroughCache: 443392
@!@!@ENDMSG 2221 @!@!@
@!@!@STARTMSG 2221:0 @!@!@
  line 52, col 30 to line 52, col 33 of module WriteThroughCache: 443392
@!@!@ENDMSG 2221 @!@!@
@!@!@STARTMSG 2221:0 @!@!@
  line 65, col 18 to line 65, col 55 of module WriteThroughCache: 5092864
@!@!@ENDMSG 2221 @!@!@
@!@!@STARTMSG 2221:0 @!@!@
  line 66, col 18 to line 66, col 35 of module WriteThroughCache: 5092864
@!@!@ENDMSG 2221 @!@!@
@!@!@STARTMSG 2221:0 @!@!@
  line 67, col 30 to line 67, col 35 of module WriteThroughCache: 5092864
@!@!@ENDMSG 2221 @!@!@
@!@!@STARTMSG 2221:0 @!@!@
  line 67, col 38 to line 67, col 40 of module WriteThroughCache: 5092864
@!@!@ENDMSG 2221 @!@!@
@!@!@STARTMSG 2221:0 @!@!@
  line 67, col 43 to line 67, col 45 of module WriteThroughCache: 5092864
@!@!@ENDMSG 2221 @!@!@
@!@!@STARTMSG 2221:0 @!@!@
  line 67, col 48 to line 67, col 52 of module WriteThroughCache: 5092864
@!@!@ENDMSG 2221 @!@!@
@!@!@STARTMSG 2221:0 @!@!@
  line 73, col 10 to line 73, col 27 of module WriteThroughCache: 30464
@!@!@ENDMSG 2221 @!@!@
@!@!@STARTMSG 2221:0 @!@!@
  line 74, col 10 to line 74, col 58 of module WriteThroughCache: 30464
@!@!@ENDMSG 2221 @!@!@
@!@!@STARTMSG 2221:0 @!@!@
  line 75, col 22 to line 75, col 27 of module WriteThroughCache: 30464
@!@!@ENDMSG 2221 @!@!@
@!@!@STARTMSG 2221:0 @!@!@
  line 75, col 30 to line 75, col 33 of module WriteThroughCache: 30464
@!@!@ENDMSG 2221 @!@!@
@!@!@STARTMSG 2221:0 @!@!@
  line 75, col 36 to line 75, col 38 of module WriteThroughCache: 30464
@!@!@ENDMSG 2221 @!@!@
@!@!@STARTMSG 2221:0 @!@!@
  line 75, col 41 to line 75, col 43 of module WriteThroughCache: 30464
@!@!@ENDMSG 2221 @!@!@
@!@!@STARTMSG 2221:0 @!@!@
  line 78, col 18 to line 78, col 56 of module WriteThroughCache: 20227712
@!@!@ENDMSG 2221 @!@!@
@!@!@STARTMSG 2221:0 @!@!@
  line 79, col 30 to line 79, col 35 of module WriteThroughCache: 20227712
@!@!@ENDMSG 2221 @!@!@
@!@!@STARTMSG 2221:0 @!@!@
  line 79, col 38 to line 79, col 41 of module WriteThroughCache: 20227712
@!@!@ENDMSG 2221 @!@!@
@!@!@STARTMSG 2221:0 @!@!@
  line 79, col 44 to line 79, col 46 of module WriteThroughCache: 20227712
@!@!@ENDMSG 2221 @!@!@
@!@!@STARTMSG 2221:0 @!@!@
  line 79, col 49 to line 79, col 51 of module WriteThroughCache: 20227712
@!@!@ENDMSG 2221 @!@!@
@!@!@STARTMSG 2221:0 @!@!@
  line 79, col 54 to line 79, col 57 of module WriteThroughCache: 20227712
@!@!@ENDMSG 2221 @!@!@
@!@!@STARTMSG 2202:0 @!@!@
End of statistics.
@!@!@ENDMSG 2202 @!@!@
@!@!@STARTMSG 2200:0 @!@!@
Progress(28) at 2017-05-24 20:21:00: 43350788 states generated (15,441,614 s/min), 5134016 distinct states found (1,828,744 ds/min), 0 states left on queue.
@!@!@ENDMSG 2200 @!@!@
@!@!@STARTMSG 2199:0 @!@!@
43350788 states generated, 5134016 distinct states found, 0 states left on queue.
@!@!@ENDMSG 2199 @!@!@
@!@!@STARTMSG 2194:0 @!@!@
The depth of the complete state graph search is 28.
@!@!@ENDMSG 2194 @!@!@
@!@!@STARTMSG 2186:0 @!@!@
Finished in 02min 49s at (2017-05-24 20:21:00)
@!@!@ENDMSG 2186 @!@!@
