@!@!@STARTMSG 2262:0 @!@!@
TLC2 Version 2.09 of 10 March 2017
@!@!@ENDMSG 2262 @!@!@
@!@!@STARTMSG 2187:0 @!@!@
Running in Model-Checking mode with 2 workers.
@!@!@ENDMSG 2187 @!@!@
@!@!@STARTMSG 2220:0 @!@!@
Starting SANY...
@!@!@ENDMSG 2220 @!@!@
Parsing file MC.tla
Parsing file OT.tla
Parsing file /home/hengxin/Software/toolbox/plugins/org.lamport.tlatools_1.0.0.201704142137/tla2sany/StandardModules/TLC.tla
Parsing file /home/hengxin/Software/toolbox/plugins/org.lamport.tlatools_1.0.0.201704142137/tla2sany/StandardModules/Naturals.tla
Parsing file /home/hengxin/Software/toolbox/plugins/org.lamport.tlatools_1.0.0.201704142137/tla2sany/StandardModules/Sequences.tla
Semantic processing of module Naturals
Semantic processing of module Sequences
Semantic processing of module OT
Semantic processing of module TLC
Semantic processing of module MC
@!@!@STARTMSG 2219:0 @!@!@
SANY finished.
@!@!@ENDMSG 2219 @!@!@
@!@!@STARTMSG 2185:0 @!@!@
Starting... (2017-09-15 23:51:13)
@!@!@ENDMSG 2185 @!@!@
<< "$!@$!@$!@$!@$!",
   << [type |-> "ins", pos |-> 1, ch |-> "a", pr |-> 0],
      [type |-> "ins", pos |-> 1, ch |-> "a", pr |-> 0],
      [type |-> "ins", pos |-> 0, ch |-> "a", pr |-> 0] >> >>
@!@!@STARTMSG 2189:0 @!@!@
Computing initial states...
@!@!@ENDMSG 2189 @!@!@
@!@!@STARTMSG 2190:0 @!@!@
Finished computing initial states: 0 distinct states generated.
@!@!@ENDMSG 2190 @!@!@
@!@!@STARTMSG 2193:0 @!@!@
Model checking completed. No error has been found.
  Estimates of the probability that TLC did not check all reachable states
  because two distinct states had the same fingerprint:
  calculated (optimistic):  val = 0.0
  based on the actual fingerprints:  val = 1.1E-19
@!@!@ENDMSG 2193 @!@!@
@!@!@STARTMSG 2200:0 @!@!@
Progress(0) at 2017-09-15 23:51:13: 0 states generated (0 s/min), 0 distinct states found (0 ds/min), 0 states left on queue.
@!@!@ENDMSG 2200 @!@!@
@!@!@STARTMSG 2199:0 @!@!@
0 states generated, 0 distinct states found, 0 states left on queue.
@!@!@ENDMSG 2199 @!@!@
@!@!@STARTMSG 2194:0 @!@!@
The depth of the complete state graph search is 0.
@!@!@ENDMSG 2194 @!@!@
@!@!@STARTMSG 2186:0 @!@!@
Finished in 00s at (2017-09-15 23:51:13)
@!@!@ENDMSG 2186 @!@!@
