@!@!@STARTMSG 2262:0 @!@!@
TLC2 Version 2.09 of 10 March 2017
@!@!@ENDMSG 2262 @!@!@
@!@!@STARTMSG 2187:0 @!@!@
Running in Model-Checking mode with 2 workers.
@!@!@ENDMSG 2187 @!@!@
@!@!@STARTMSG 2220:0 @!@!@
Starting SANY...
@!@!@ENDMSG 2220 @!@!@
Parsing file MC.tla
Parsing file WrongWriteThroughCache.tla
Parsing file D:\tla-toolbox-1.5.3\plugins\org.lamport.tlatools_1.0.0.201704142137\tla2sany\StandardModules\TLC.tla
Parsing file D:\tla-toolbox-1.5.3\plugins\org.lamport.tlatools_1.0.0.201704142137\tla2sany\StandardModules\Naturals.tla
Parsing file D:\tla-toolbox-1.5.3\plugins\org.lamport.tlatools_1.0.0.201704142137\tla2sany\StandardModules\Sequences.tla
Parsing file MemoryInterface.tla
Parsing file InternalMemory.tla
Parsing file Memory.tla
Semantic processing of module Naturals
Semantic processing of module Sequences
Semantic processing of module MemoryInterface
Semantic processing of module InternalMemory
Semantic processing of module Memory
Semantic processing of module WrongWriteThroughCache
Semantic processing of module TLC
Semantic processing of module MC
@!@!@STARTMSG 2219:0 @!@!@
SANY finished.
@!@!@ENDMSG 2219 @!@!@
@!@!@STARTMSG 2185:0 @!@!@
Starting... (2017-05-24 20:17:09)
@!@!@ENDMSG 2185 @!@!@
@!@!@STARTMSG 2189:0 @!@!@
Computing initial states...
@!@!@ENDMSG 2189 @!@!@
@!@!@STARTMSG 2190:0 @!@!@
Finished computing initial states: 4 distinct states generated.
@!@!@ENDMSG 2190 @!@!@
@!@!@STARTMSG 2110:1 @!@!@
Invariant inv_1495628227833408000 is violated.
@!@!@ENDMSG 2110 @!@!@
@!@!@STARTMSG 2121:1 @!@!@
The behavior up to this point is:
@!@!@ENDMSG 2121 @!@!@
@!@!@STARTMSG 2217:4 @!@!@
1: <Initial predicate>
/\ ctl = [p1 |-> "rdy", p2 |-> "rdy"]
/\ memInt = 0
/\ wmem = [a1 |-> 1, a2 |-> 2]
/\ buf = [p1 |-> NoVal, p2 |-> NoVal]
/\ memQ = <<>>
/\ cache = [p1 |-> [a1 |-> NoVal, a2 |-> NoVal], p2 |-> [a1 |-> NoVal, a2 |-> NoVal]]

@!@!@ENDMSG 2217 @!@!@
@!@!@STARTMSG 2217:4 @!@!@
2: <Action line 23, col 11 to line 23, col 47 of module WrongWriteThroughCache>
/\ ctl = [p1 |-> "busy", p2 |-> "rdy"]
/\ memInt = 0
/\ wmem = [a1 |-> 1, a2 |-> 2]
/\ buf = [p1 |-> [op |-> "Rd", adr |-> "a1"], p2 |-> NoVal]
/\ memQ = <<>>
/\ cache = [p1 |-> [a1 |-> NoVal, a2 |-> NoVal], p2 |-> [a1 |-> NoVal, a2 |-> NoVal]]

@!@!@ENDMSG 2217 @!@!@
@!@!@STARTMSG 2217:4 @!@!@
3: <Action line 26, col 15 to line 31, col 55 of module WrongWriteThroughCache>
/\ ctl = [p1 |-> "waiting", p2 |-> "rdy"]
/\ memInt = 0
/\ wmem = [a1 |-> 1, a2 |-> 2]
/\ buf = [p1 |-> [op |-> "Rd", adr |-> "a1"], p2 |-> NoVal]
/\ memQ = <<<<"p1", [op |-> "Rd", adr |-> "a1"]>>>>
/\ cache = [p1 |-> [a1 |-> NoVal, a2 |-> NoVal], p2 |-> [a1 |-> NoVal, a2 |-> NoVal]]

@!@!@ENDMSG 2217 @!@!@
@!@!@STARTMSG 2217:4 @!@!@
4: <Action line 23, col 11 to line 23, col 47 of module WrongWriteThroughCache>
/\ ctl = [p1 |-> "waiting", p2 |-> "busy"]
/\ memInt = 0
/\ wmem = [a1 |-> 1, a2 |-> 2]
/\ buf = [ p1 |-> [op |-> "Rd", adr |-> "a1"],
  p2 |-> [op |-> "Wr", adr |-> "a1", val |-> 2] ]
/\ memQ = <<<<"p1", [op |-> "Rd", adr |-> "a1"]>>>>
/\ cache = [p1 |-> [a1 |-> NoVal, a2 |-> NoVal], p2 |-> [a1 |-> NoVal, a2 |-> NoVal]]

@!@!@ENDMSG 2217 @!@!@
@!@!@STARTMSG 2217:4 @!@!@
5: <Action line 43, col 7 to line 52, col 35 of module WrongWriteThroughCache>
/\ ctl = [p1 |-> "waiting", p2 |-> "done"]
/\ memInt = 0
/\ wmem = [a1 |-> 1, a2 |-> 2]
/\ buf = [p1 |-> [op |-> "Rd", adr |-> "a1"], p2 |-> NoVal]
/\ memQ = << <<"p1", [op |-> "Rd", adr |-> "a1"]>>,
   <<"p2", [op |-> "Wr", adr |-> "a1", val |-> 2]>> >>
/\ cache = [p1 |-> [a1 |-> NoVal, a2 |-> NoVal], p2 |-> [a1 |-> 2, a2 |-> NoVal]]

@!@!@ENDMSG 2217 @!@!@
@!@!@STARTMSG 2217:4 @!@!@
6: <Action line 72, col 7 to line 75, col 45 of module WrongWriteThroughCache>
/\ ctl = [p1 |-> "waiting", p2 |-> "done"]
/\ memInt = 0
/\ wmem = [a1 |-> 1, a2 |-> 2]
/\ buf = [p1 |-> [op |-> "Rd", adr |-> "a1"], p2 |-> NoVal]
/\ memQ = <<<<"p2", [op |-> "Wr", adr |-> "a1", val |-> 2]>>>>
/\ cache = [p1 |-> [a1 |-> 1, a2 |-> NoVal], p2 |-> [a1 |-> 2, a2 |-> NoVal]]

@!@!@ENDMSG 2217 @!@!@
@!@!@STARTMSG 2201:0 @!@!@
The coverage statistics at 2017-05-24 20:17:11
@!@!@ENDMSG 2201 @!@!@
@!@!@STARTMSG 2221:0 @!@!@
  line 18, col 20 to line 18, col 49 of module InternalMemory: 1236
@!@!@ENDMSG 2221 @!@!@
@!@!@STARTMSG 2221:0 @!@!@
  line 19, col 20 to line 19, col 52 of module InternalMemory: 1236
@!@!@ENDMSG 2221 @!@!@
@!@!@STARTMSG 2221:0 @!@!@
  line 20, col 24 to line 20, col 26 of module InternalMemory: 1236
@!@!@ENDMSG 2221 @!@!@
@!@!@STARTMSG 2221:0 @!@!@
  line 23, col 35 to line 23, col 39 of module WrongWriteThroughCache: 1236
@!@!@ENDMSG 2221 @!@!@
@!@!@STARTMSG 2221:0 @!@!@
  line 23, col 42 to line 23, col 45 of module WrongWriteThroughCache: 1236
@!@!@ENDMSG 2221 @!@!@
@!@!@STARTMSG 2221:0 @!@!@
  line 24, col 35 to line 24, col 39 of module WrongWriteThroughCache: 232
@!@!@ENDMSG 2221 @!@!@
@!@!@STARTMSG 2221:0 @!@!@
  line 24, col 42 to line 24, col 45 of module WrongWriteThroughCache: 232
@!@!@ENDMSG 2221 @!@!@
@!@!@STARTMSG 2221:0 @!@!@
  line 29, col 18 to line 29, col 52 of module WrongWriteThroughCache: 201
@!@!@ENDMSG 2221 @!@!@
@!@!@STARTMSG 2221:0 @!@!@
  line 30, col 18 to line 30, col 53 of module WrongWriteThroughCache: 201
@!@!@ENDMSG 2221 @!@!@
@!@!@STARTMSG 2221:0 @!@!@
  line 31, col 30 to line 31, col 35 of module WrongWriteThroughCache: 201
@!@!@ENDMSG 2221 @!@!@
@!@!@STARTMSG 2221:0 @!@!@
  line 31, col 38 to line 31, col 41 of module WrongWriteThroughCache: 201
@!@!@ENDMSG 2221 @!@!@
@!@!@STARTMSG 2221:0 @!@!@
  line 31, col 44 to line 31, col 46 of module WrongWriteThroughCache: 201
@!@!@ENDMSG 2221 @!@!@
@!@!@STARTMSG 2221:0 @!@!@
  line 31, col 49 to line 31, col 53 of module WrongWriteThroughCache: 201
@!@!@ENDMSG 2221 @!@!@
@!@!@STARTMSG 2221:0 @!@!@
  line 33, col 4 to line 33, col 23 of module MC: 232
@!@!@ENDMSG 2221 @!@!@
@!@!@STARTMSG 2221:0 @!@!@
  line 34, col 4 to line 34, col 16 of module MC: 0
@!@!@ENDMSG 2221 @!@!@
@!@!@STARTMSG 2221:0 @!@!@
  line 35, col 14 to line 35, col 44 of module InternalMemory: 232
@!@!@ENDMSG 2221 @!@!@
@!@!@STARTMSG 2221:0 @!@!@
  line 36, col 26 to line 36, col 28 of module InternalMemory: 232
@!@!@ENDMSG 2221 @!@!@
@!@!@STARTMSG 2221:0 @!@!@
  line 36, col 31 to line 36, col 33 of module InternalMemory: 232
@!@!@ENDMSG 2221 @!@!@
@!@!@STARTMSG 2221:0 @!@!@
  line 37, col 6 to line 37, col 52 of module WrongWriteThroughCache: 21
@!@!@ENDMSG 2221 @!@!@
@!@!@STARTMSG 2221:0 @!@!@
  line 38, col 6 to line 38, col 38 of module WrongWriteThroughCache: 21
@!@!@ENDMSG 2221 @!@!@
@!@!@STARTMSG 2221:0 @!@!@
  line 39, col 18 to line 39, col 23 of module WrongWriteThroughCache: 21
@!@!@ENDMSG 2221 @!@!@
@!@!@STARTMSG 2221:0 @!@!@
  line 39, col 26 to line 39, col 29 of module WrongWriteThroughCache: 21
@!@!@ENDMSG 2221 @!@!@
@!@!@STARTMSG 2221:0 @!@!@
  line 39, col 32 to line 39, col 36 of module WrongWriteThroughCache: 21
@!@!@ENDMSG 2221 @!@!@
@!@!@STARTMSG 2221:0 @!@!@
  line 39, col 39 to line 39, col 42 of module WrongWriteThroughCache: 21
@!@!@ENDMSG 2221 @!@!@
@!@!@STARTMSG 2221:0 @!@!@
  line 41, col 4 to line 41, col 23 of module MC: 1236
@!@!@ENDMSG 2221 @!@!@
@!@!@STARTMSG 2221:0 @!@!@
  line 42, col 4 to line 42, col 16 of module MC: 0
@!@!@ENDMSG 2221 @!@!@
@!@!@STARTMSG 2221:0 @!@!@
  line 45, col 10 to line 48, col 37 of module WrongWriteThroughCache: 372
@!@!@ENDMSG 2221 @!@!@
@!@!@STARTMSG 2221:0 @!@!@
  line 49, col 10 to line 49, col 39 of module WrongWriteThroughCache: 372
@!@!@ENDMSG 2221 @!@!@
@!@!@STARTMSG 2221:0 @!@!@
  line 50, col 10 to line 50, col 41 of module WrongWriteThroughCache: 372
@!@!@ENDMSG 2221 @!@!@
@!@!@STARTMSG 2221:0 @!@!@
  line 51, col 10 to line 51, col 42 of module WrongWriteThroughCache: 372
@!@!@ENDMSG 2221 @!@!@
@!@!@STARTMSG 2221:0 @!@!@
  line 52, col 22 to line 52, col 27 of module WrongWriteThroughCache: 372
@!@!@ENDMSG 2221 @!@!@
@!@!@STARTMSG 2221:0 @!@!@
  line 52, col 30 to line 52, col 33 of module WrongWriteThroughCache: 372
@!@!@ENDMSG 2221 @!@!@
@!@!@STARTMSG 2221:0 @!@!@
  line 65, col 18 to line 65, col 55 of module WrongWriteThroughCache: 234
@!@!@ENDMSG 2221 @!@!@
@!@!@STARTMSG 2221:0 @!@!@
  line 66, col 18 to line 66, col 35 of module WrongWriteThroughCache: 234
@!@!@ENDMSG 2221 @!@!@
@!@!@STARTMSG 2221:0 @!@!@
  line 67, col 30 to line 67, col 35 of module WrongWriteThroughCache: 234
@!@!@ENDMSG 2221 @!@!@
@!@!@STARTMSG 2221:0 @!@!@
  line 67, col 38 to line 67, col 40 of module WrongWriteThroughCache: 234
@!@!@ENDMSG 2221 @!@!@
@!@!@STARTMSG 2221:0 @!@!@
  line 67, col 43 to line 67, col 45 of module WrongWriteThroughCache: 234
@!@!@ENDMSG 2221 @!@!@
@!@!@STARTMSG 2221:0 @!@!@
  line 67, col 48 to line 67, col 52 of module WrongWriteThroughCache: 234
@!@!@ENDMSG 2221 @!@!@
@!@!@STARTMSG 2221:0 @!@!@
  line 73, col 10 to line 73, col 27 of module WrongWriteThroughCache: 97
@!@!@ENDMSG 2221 @!@!@
@!@!@STARTMSG 2221:0 @!@!@
  line 74, col 10 to line 74, col 58 of module WrongWriteThroughCache: 97
@!@!@ENDMSG 2221 @!@!@
@!@!@STARTMSG 2221:0 @!@!@
  line 75, col 22 to line 75, col 27 of module WrongWriteThroughCache: 97
@!@!@ENDMSG 2221 @!@!@
@!@!@STARTMSG 2221:0 @!@!@
  line 75, col 30 to line 75, col 33 of module WrongWriteThroughCache: 97
@!@!@ENDMSG 2221 @!@!@
@!@!@STARTMSG 2221:0 @!@!@
  line 75, col 36 to line 75, col 38 of module WrongWriteThroughCache: 97
@!@!@ENDMSG 2221 @!@!@
@!@!@STARTMSG 2221:0 @!@!@
  line 75, col 41 to line 75, col 43 of module WrongWriteThroughCache: 97
@!@!@ENDMSG 2221 @!@!@
@!@!@STARTMSG 2221:0 @!@!@
  line 78, col 18 to line 78, col 56 of module WrongWriteThroughCache: 2149
@!@!@ENDMSG 2221 @!@!@
@!@!@STARTMSG 2221:0 @!@!@
  line 79, col 30 to line 79, col 35 of module WrongWriteThroughCache: 2149
@!@!@ENDMSG 2221 @!@!@
@!@!@STARTMSG 2221:0 @!@!@
  line 79, col 38 to line 79, col 41 of module WrongWriteThroughCache: 2149
@!@!@ENDMSG 2221 @!@!@
@!@!@STARTMSG 2221:0 @!@!@
  line 79, col 44 to line 79, col 46 of module WrongWriteThroughCache: 2149
@!@!@ENDMSG 2221 @!@!@
@!@!@STARTMSG 2221:0 @!@!@
  line 79, col 49 to line 79, col 51 of module WrongWriteThroughCache: 2149
@!@!@ENDMSG 2221 @!@!@
@!@!@STARTMSG 2221:0 @!@!@
  line 79, col 54 to line 79, col 57 of module WrongWriteThroughCache: 2149
@!@!@ENDMSG 2221 @!@!@
@!@!@STARTMSG 2202:0 @!@!@
End of statistics.
@!@!@ENDMSG 2202 @!@!@
@!@!@STARTMSG 2200:0 @!@!@
Progress(6) at 2017-05-24 20:17:11: 4546 states generated (165,409 s/min), 1573 distinct states found (57,234 ds/min), 1003 states left on queue.
@!@!@ENDMSG 2200 @!@!@
@!@!@STARTMSG 2199:0 @!@!@
4546 states generated, 1573 distinct states found, 1003 states left on queue.
@!@!@ENDMSG 2199 @!@!@
@!@!@STARTMSG 2194:0 @!@!@
The depth of the complete state graph search is 6.
@!@!@ENDMSG 2194 @!@!@
@!@!@STARTMSG 2186:0 @!@!@
Finished in 03s at (2017-05-24 20:17:11)
@!@!@ENDMSG 2186 @!@!@
