@!@!@STARTMSG 2262:0 @!@!@
TLC2 Version 2.08 of 21 December 2015
@!@!@ENDMSG 2262 @!@!@
@!@!@STARTMSG 2187:0 @!@!@
Running in Model-Checking mode.
@!@!@ENDMSG 2187 @!@!@
@!@!@STARTMSG 2220:0 @!@!@
Starting SANY...
@!@!@ENDMSG 2220 @!@!@
Parsing file MC.tla
Parsing file SetGCD.tla
Parsing file /home/hengxin/SoftwareService/toolbox/plugins/org.lamport.tlatools_1.0.0.201512230951/tla2sany/StandardModules/TLC.tla
Parsing file /home/hengxin/SoftwareService/toolbox/plugins/org.lamport.tlatools_1.0.0.201512230951/tla2sany/StandardModules/Integers.tla
Parsing file /home/hengxin/SoftwareService/toolbox/plugins/org.lamport.tlatools_1.0.0.201512230951/tla2sany/StandardModules/FiniteSets.tla
Parsing file GCD.tla
Parsing file /home/hengxin/SoftwareService/toolbox/plugins/org.lamport.tlatools_1.0.0.201512230951/tla2sany/StandardModules/Naturals.tla
Parsing file /home/hengxin/SoftwareService/toolbox/plugins/org.lamport.tlatools_1.0.0.201512230951/tla2sany/StandardModules/Sequences.tla
Semantic processing of module Naturals
Semantic processing of module Integers
Semantic processing of module Sequences
Semantic processing of module FiniteSets
Semantic processing of module GCD
Semantic processing of module SetGCD
Semantic processing of module TLC
Semantic processing of module MC
@!@!@STARTMSG 2219:0 @!@!@
SANY finished.
@!@!@ENDMSG 2219 @!@!@
@!@!@STARTMSG 2185:0 @!@!@
Starting... (2016-06-20 19:34:04)
@!@!@ENDMSG 2185 @!@!@
@!@!@STARTMSG 2212:0 @!@!@
Implied-temporal checking--satisfiability problem has 1 branches.
@!@!@ENDMSG 2212 @!@!@
@!@!@STARTMSG 2189:0 @!@!@
Computing initial states...
@!@!@ENDMSG 2189 @!@!@
@!@!@STARTMSG 2190:0 @!@!@
Finished computing initial states: 1 distinct state generated.
@!@!@ENDMSG 2190 @!@!@
@!@!@STARTMSG 2200:0 @!@!@
Progress(8) at 2016-06-20 19:34:04: 2398 states generated, 345 distinct states found, 0 states left on queue.
@!@!@ENDMSG 2200 @!@!@
@!@!@STARTMSG 2192:0 @!@!@
Checking temporal properties for the complete state space with 345 total distinct states at (2016-06-20 19:34:04)
@!@!@ENDMSG 2192 @!@!@
@!@!@STARTMSG 2267:0 @!@!@
Finished checking temporal properties in 00s at 2016-06-20 19:34:04
@!@!@ENDMSG 2267 @!@!@
@!@!@STARTMSG 2193:0 @!@!@
Model checking completed. No error has been found.
  Estimates of the probability that TLC did not check all reachable states
  because two distinct states had the same fingerprint:
  calculated (optimistic):  val = 3.8E-14
  based on the actual fingerprints:  val = 5.7E-14
@!@!@ENDMSG 2193 @!@!@
@!@!@STARTMSG 2201:0 @!@!@
The coverage statistics at 2016-06-20 19:34:04
@!@!@ENDMSG 2201 @!@!@
@!@!@STARTMSG 2221:0 @!@!@
  line 21, col 12 to line 21, col 12 of module SetGCD: 1
@!@!@ENDMSG 2221 @!@!@
@!@!@STARTMSG 2221:0 @!@!@
  line 21, col 15 to line 21, col 16 of module SetGCD: 1
@!@!@ENDMSG 2221 @!@!@
@!@!@STARTMSG 2221:0 @!@!@
  line 31, col 28 to line 31, col 58 of module SetGCD: 2395
@!@!@ENDMSG 2221 @!@!@
@!@!@STARTMSG 2221:0 @!@!@
  line 32, col 24 to line 32, col 36 of module SetGCD: 2395
@!@!@ENDMSG 2221 @!@!@
@!@!@STARTMSG 2221:0 @!@!@
  line 33, col 24 to line 33, col 35 of module SetGCD: 1
@!@!@ENDMSG 2221 @!@!@
@!@!@STARTMSG 2221:0 @!@!@
  line 34, col 24 to line 34, col 29 of module SetGCD: 1
@!@!@ENDMSG 2221 @!@!@
@!@!@STARTMSG 2202:0 @!@!@
End of statistics.
@!@!@ENDMSG 2202 @!@!@
@!@!@STARTMSG 2200:0 @!@!@
Progress(8) at 2016-06-20 19:34:04: 2398 states generated (310,086 s/min), 345 distinct states found (44,612 ds/min), 0 states left on queue.
@!@!@ENDMSG 2200 @!@!@
@!@!@STARTMSG 2199:0 @!@!@
2398 states generated, 345 distinct states found, 0 states left on queue.
@!@!@ENDMSG 2199 @!@!@
@!@!@STARTMSG 2194:0 @!@!@
The depth of the complete state graph search is 8.
@!@!@ENDMSG 2194 @!@!@
@!@!@STARTMSG 2186:0 @!@!@
Finished in 00s at (2016-06-20 19:34:04)
@!@!@ENDMSG 2186 @!@!@
