@!@!@STARTMSG 2262:0 @!@!@
TLC2 Version 2.12 of 29 January 2018
@!@!@ENDMSG 2262 @!@!@
@!@!@STARTMSG 2187:0 @!@!@
Running breadth-first search Model-Checking with 2 workers on 4 cores with 574MB heap and 1289MB offheap memory (Linux 4.13.0-39-generic amd64, Oracle Corporation 1.8.0_171 x86_64).
@!@!@ENDMSG 2187 @!@!@
@!@!@STARTMSG 2220:0 @!@!@
Starting SANY...
@!@!@ENDMSG 2220 @!@!@
Parsing file /home/hengxin/github-projects/tlaplus-lamport-projects/learning-tlaplus/learning-tlaplus-video-course/specs/9-Alternating-Bit-Protocol-Part2/AB.toolbox/ABSFairSpec-Model/MC.tla
Parsing file /home/hengxin/github-projects/tlaplus-lamport-projects/learning-tlaplus/learning-tlaplus-video-course/specs/9-Alternating-Bit-Protocol-Part2/AB.toolbox/ABSFairSpec-Model/AB.tla
Parsing file /home/hengxin/Software/toolbox/plugins/org.lamport.tlatools_1.0.0.201801291236/tla2sany/StandardModules/TLC.tla
Parsing file /home/hengxin/Software/toolbox/plugins/org.lamport.tlatools_1.0.0.201801291236/tla2sany/StandardModules/Integers.tla
Parsing file /home/hengxin/Software/toolbox/plugins/org.lamport.tlatools_1.0.0.201801291236/tla2sany/StandardModules/Sequences.tla
Parsing file /home/hengxin/Software/toolbox/plugins/org.lamport.tlatools_1.0.0.201801291236/tla2sany/StandardModules/Naturals.tla
Parsing file /home/hengxin/github-projects/tlaplus-lamport-projects/learning-tlaplus/learning-tlaplus-video-course/specs/9-Alternating-Bit-Protocol-Part2/AB.toolbox/ABSFairSpec-Model/ABSpec.tla
Semantic processing of module Naturals
Semantic processing of module Integers
Semantic processing of module Sequences
Semantic processing of module ABSpec
Semantic processing of module AB
Semantic processing of module TLC
Semantic processing of module MC
@!@!@STARTMSG 2219:0 @!@!@
SANY finished.
@!@!@ENDMSG 2219 @!@!@
@!@!@STARTMSG 2185:0 @!@!@
Starting... (2018-05-12 21:40:33)
@!@!@ENDMSG 2185 @!@!@
@!@!@STARTMSG 2212:0 @!@!@
Implied-temporal checking--satisfiability problem has 1 branches.
@!@!@ENDMSG 2212 @!@!@
@!@!@STARTMSG 2189:0 @!@!@
Computing initial states...
@!@!@ENDMSG 2189 @!@!@
@!@!@STARTMSG 2190:0 @!@!@
Finished computing initial states: 3 distinct states generated.
@!@!@ENDMSG 2190 @!@!@
@!@!@STARTMSG 2200:0 @!@!@
Progress(15) at 2018-05-12 21:40:34: 7011 states generated, 960 distinct states found, 0 states left on queue.
@!@!@ENDMSG 2200 @!@!@
@!@!@STARTMSG 2192:0 @!@!@
Checking temporal properties for the complete state space with 960 total distinct states at (2018-05-12 21:40:34)
@!@!@ENDMSG 2192 @!@!@
@!@!@STARTMSG 2116:1 @!@!@
Temporal properties were violated.

@!@!@ENDMSG 2116 @!@!@
@!@!@STARTMSG 2264:1 @!@!@
The following behavior constitutes a counter-example:

@!@!@ENDMSG 2264 @!@!@
@!@!@STARTMSG 2217:4 @!@!@
1: <Initial predicate>
/\ AtoB = <<>>
/\ BVar = <<d1, 1>>
/\ AVar = <<d1, 1>>
/\ BtoA = <<>>

@!@!@ENDMSG 2217 @!@!@
@!@!@STARTMSG 2218:4 @!@!@
2: Stuttering
@!@!@ENDMSG 2218 @!@!@
@!@!@STARTMSG 2267:0 @!@!@
Finished checking temporal properties in 00s at 2018-05-12 21:40:34
@!@!@ENDMSG 2267 @!@!@
@!@!@STARTMSG 2201:0 @!@!@
The coverage statistics at 2018-05-12 21:40:34
@!@!@ENDMSG 2201 @!@!@
@!@!@STARTMSG 2221:0 @!@!@
  line 37, col 12 to line 37, col 37 of module AB: 960
@!@!@ENDMSG 2221 @!@!@
@!@!@STARTMSG 2221:0 @!@!@
  line 38, col 24 to line 38, col 27 of module AB: 960
@!@!@ENDMSG 2221 @!@!@
@!@!@STARTMSG 2221:0 @!@!@
  line 38, col 30 to line 38, col 33 of module AB: 960
@!@!@ENDMSG 2221 @!@!@
@!@!@STARTMSG 2221:0 @!@!@
  line 38, col 36 to line 38, col 39 of module AB: 960
@!@!@ENDMSG 2221 @!@!@
@!@!@STARTMSG 2221:0 @!@!@
  line 49, col 35 to line 49, col 60 of module AB: 216
@!@!@ENDMSG 2221 @!@!@
@!@!@STARTMSG 2221:0 @!@!@
  line 50, col 19 to line 50, col 30 of module AB: 684
@!@!@ENDMSG 2221 @!@!@
@!@!@STARTMSG 2221:0 @!@!@
  line 51, col 12 to line 51, col 29 of module AB: 900
@!@!@ENDMSG 2221 @!@!@
@!@!@STARTMSG 2221:0 @!@!@
  line 52, col 24 to line 52, col 27 of module AB: 900
@!@!@ENDMSG 2221 @!@!@
@!@!@STARTMSG 2221:0 @!@!@
  line 52, col 30 to line 52, col 33 of module AB: 900
@!@!@ENDMSG 2221 @!@!@
@!@!@STARTMSG 2221:0 @!@!@
  line 58, col 12 to line 58, col 40 of module AB: 960
@!@!@ENDMSG 2221 @!@!@
@!@!@STARTMSG 2221:0 @!@!@
  line 59, col 24 to line 59, col 27 of module AB: 960
@!@!@ENDMSG 2221 @!@!@
@!@!@STARTMSG 2221:0 @!@!@
  line 59, col 30 to line 59, col 33 of module AB: 960
@!@!@ENDMSG 2221 @!@!@
@!@!@STARTMSG 2221:0 @!@!@
  line 59, col 36 to line 59, col 39 of module AB: 960
@!@!@ENDMSG 2221 @!@!@
@!@!@STARTMSG 2221:0 @!@!@
  line 67, col 19 to line 67, col 36 of module AB: 216
@!@!@ENDMSG 2221 @!@!@
@!@!@STARTMSG 2221:0 @!@!@
  line 68, col 19 to line 68, col 30 of module AB: 612
@!@!@ENDMSG 2221 @!@!@
@!@!@STARTMSG 2221:0 @!@!@
  line 69, col 12 to line 69, col 29 of module AB: 828
@!@!@ENDMSG 2221 @!@!@
@!@!@STARTMSG 2221:0 @!@!@
  line 70, col 24 to line 70, col 27 of module AB: 828
@!@!@ENDMSG 2221 @!@!@
@!@!@STARTMSG 2221:0 @!@!@
  line 70, col 30 to line 70, col 33 of module AB: 828
@!@!@ENDMSG 2221 @!@!@
@!@!@STARTMSG 2221:0 @!@!@
  line 77, col 26 to line 77, col 48 of module AB: 1800
@!@!@ENDMSG 2221 @!@!@
@!@!@STARTMSG 2221:0 @!@!@
  line 78, col 21 to line 78, col 32 of module AB: 1800
@!@!@ENDMSG 2221 @!@!@
@!@!@STARTMSG 2221:0 @!@!@
  line 80, col 26 to line 80, col 48 of module AB: 1560
@!@!@ENDMSG 2221 @!@!@
@!@!@STARTMSG 2221:0 @!@!@
  line 81, col 21 to line 81, col 32 of module AB: 1560
@!@!@ENDMSG 2221 @!@!@
@!@!@STARTMSG 2221:0 @!@!@
  line 82, col 28 to line 82, col 31 of module AB: 3360
@!@!@ENDMSG 2221 @!@!@
@!@!@STARTMSG 2221:0 @!@!@
  line 82, col 34 to line 82, col 37 of module AB: 3360
@!@!@ENDMSG 2221 @!@!@
@!@!@STARTMSG 2202:0 @!@!@
End of statistics.
@!@!@ENDMSG 2202 @!@!@
@!@!@STARTMSG 2200:0 @!@!@
Progress(15) at 2018-05-12 21:40:34: 7011 states generated (496,061 s/min), 960 distinct states found (67,924 ds/min), 0 states left on queue.
@!@!@ENDMSG 2200 @!@!@
@!@!@STARTMSG 2199:0 @!@!@
7011 states generated, 960 distinct states found, 0 states left on queue.
@!@!@ENDMSG 2199 @!@!@
@!@!@STARTMSG 2186:0 @!@!@
Finished in 1060ms at (2018-05-12 21:40:34)
@!@!@ENDMSG 2186 @!@!@
