@!@!@STARTMSG 2262:0 @!@!@
TLC2 Version 2.12 of 29 January 2018
@!@!@ENDMSG 2262 @!@!@
@!@!@STARTMSG 2187:0 @!@!@
Running breadth-first search Model-Checking with 4 workers on 4 cores with 574MB heap and 1289MB offheap memory (Linux 4.13.0-39-generic amd64, Oracle Corporation 1.8.0_171 x86_64).
@!@!@ENDMSG 2187 @!@!@
@!@!@STARTMSG 2220:0 @!@!@
Starting SANY...
@!@!@ENDMSG 2220 @!@!@
Parsing file /home/hengxin/github-projects/tlaplus-lamport-projects/learning-tlaplus/learning-tlaplus-video-course/specs/9-Alternating-Bit-Protocol-Part1/ABSpec.toolbox/FairABSpec-Model/MC.tla
Parsing file /home/hengxin/github-projects/tlaplus-lamport-projects/learning-tlaplus/learning-tlaplus-video-course/specs/9-Alternating-Bit-Protocol-Part1/ABSpec.toolbox/FairABSpec-Model/ABSpec.tla
Parsing file /home/hengxin/Software/toolbox/plugins/org.lamport.tlatools_1.0.0.201801291236/tla2sany/StandardModules/TLC.tla
Parsing file /home/hengxin/Software/toolbox/plugins/org.lamport.tlatools_1.0.0.201801291236/tla2sany/StandardModules/Integers.tla
Parsing file /home/hengxin/Software/toolbox/plugins/org.lamport.tlatools_1.0.0.201801291236/tla2sany/StandardModules/Naturals.tla
Parsing file /home/hengxin/Software/toolbox/plugins/org.lamport.tlatools_1.0.0.201801291236/tla2sany/StandardModules/Sequences.tla
Semantic processing of module Naturals
Semantic processing of module Integers
Semantic processing of module ABSpec
Semantic processing of module Sequences
Semantic processing of module TLC
Semantic processing of module MC
@!@!@STARTMSG 2219:0 @!@!@
SANY finished.
@!@!@ENDMSG 2219 @!@!@
@!@!@STARTMSG 2185:0 @!@!@
Starting... (2018-05-12 21:32:19)
@!@!@ENDMSG 2185 @!@!@
@!@!@STARTMSG 2212:0 @!@!@
Implied-temporal checking--satisfiability problem has 15 branches.
@!@!@ENDMSG 2212 @!@!@
@!@!@STARTMSG 2189:0 @!@!@
Computing initial states...
@!@!@ENDMSG 2189 @!@!@
@!@!@STARTMSG 2190:0 @!@!@
Finished computing initial states: 7 distinct states generated.
@!@!@ENDMSG 2190 @!@!@
@!@!@STARTMSG 2200:0 @!@!@
Progress(4) at 2018-05-12 21:32:19: 203 states generated, 112 distinct states found, 0 states left on queue.
@!@!@ENDMSG 2200 @!@!@
@!@!@STARTMSG 2192:0 @!@!@
Checking 15 branches of temporal properties for the complete state space with 1680 total distinct states at (2018-05-12 21:32:19)
@!@!@ENDMSG 2192 @!@!@
@!@!@STARTMSG 2116:1 @!@!@
Temporal properties were violated.

@!@!@ENDMSG 2116 @!@!@
@!@!@STARTMSG 2264:1 @!@!@
The following behavior constitutes a counter-example:

@!@!@ENDMSG 2264 @!@!@
@!@!@STARTMSG 2217:4 @!@!@
1: <Initial predicate>
/\ BVar = <<a, 1>>
/\ AVar = <<a, 1>>

@!@!@ENDMSG 2217 @!@!@
@!@!@STARTMSG 2218:4 @!@!@
2: Stuttering
@!@!@ENDMSG 2218 @!@!@
@!@!@STARTMSG 2267:0 @!@!@
Finished checking temporal properties in 00s at 2018-05-12 21:32:19
@!@!@ENDMSG 2267 @!@!@
@!@!@STARTMSG 2201:0 @!@!@
The coverage statistics at 2018-05-12 21:32:19
@!@!@ENDMSG 2201 @!@!@
@!@!@STARTMSG 2221:0 @!@!@
  line 38, col 24 to line 38, col 49 of module ABSpec: 98
@!@!@ENDMSG 2221 @!@!@
@!@!@STARTMSG 2221:0 @!@!@
  line 39, col 9 to line 39, col 20 of module ABSpec: 98
@!@!@ENDMSG 2221 @!@!@
@!@!@STARTMSG 2221:0 @!@!@
  line 42, col 9 to line 42, col 20 of module ABSpec: 98
@!@!@ENDMSG 2221 @!@!@
@!@!@STARTMSG 2221:0 @!@!@
  line 43, col 9 to line 43, col 20 of module ABSpec: 98
@!@!@ENDMSG 2221 @!@!@
@!@!@STARTMSG 2202:0 @!@!@
End of statistics.
@!@!@ENDMSG 2202 @!@!@
@!@!@STARTMSG 2200:0 @!@!@
Progress(4) at 2018-05-12 21:32:19: 203 states generated (20,784 s/min), 112 distinct states found (11,467 ds/min), 0 states left on queue.
@!@!@ENDMSG 2200 @!@!@
@!@!@STARTMSG 2199:0 @!@!@
203 states generated, 112 distinct states found, 0 states left on queue.
@!@!@ENDMSG 2199 @!@!@
@!@!@STARTMSG 2186:0 @!@!@
Finished in 803ms at (2018-05-12 21:32:19)
@!@!@ENDMSG 2186 @!@!@
