@!@!@STARTMSG 2262:0 @!@!@
TLC2 Version 2.09 of 10 March 2017
@!@!@ENDMSG 2262 @!@!@
@!@!@STARTMSG 2187:0 @!@!@
Running in Model-Checking mode with 2 workers.
@!@!@ENDMSG 2187 @!@!@
@!@!@STARTMSG 2220:0 @!@!@
Starting SANY...
@!@!@ENDMSG 2220 @!@!@
Parsing file MC.tla
Parsing file TCommit.tla
Parsing file /home/hengxin/Software/toolbox/plugins/org.lamport.tlatools_1.0.0.201704142137/tla2sany/StandardModules/TLC.tla
Parsing file /home/hengxin/Software/toolbox/plugins/org.lamport.tlatools_1.0.0.201704142137/tla2sany/StandardModules/Naturals.tla
Parsing file /home/hengxin/Software/toolbox/plugins/org.lamport.tlatools_1.0.0.201704142137/tla2sany/StandardModules/Sequences.tla
Semantic processing of module TCommit
Semantic processing of module Naturals
Semantic processing of module Sequences
Semantic processing of module TLC
Semantic processing of module MC
@!@!@STARTMSG 2219:0 @!@!@
SANY finished.
@!@!@ENDMSG 2219 @!@!@
@!@!@STARTMSG 2185:0 @!@!@
Starting... (2017-09-12 17:01:07)
@!@!@ENDMSG 2185 @!@!@
@!@!@STARTMSG 2189:0 @!@!@
Computing initial states...
@!@!@ENDMSG 2189 @!@!@
@!@!@STARTMSG 2190:0 @!@!@
Finished computing initial states: 1 distinct state generated.
@!@!@ENDMSG 2190 @!@!@
@!@!@STARTMSG 2193:0 @!@!@
Model checking completed. No error has been found.
  Estimates of the probability that TLC did not check all reachable states
  because two distinct states had the same fingerprint:
  calculated (optimistic):  val = 1.7E-11
  based on the actual fingerprints:  val = 9.5E-13
@!@!@ENDMSG 2193 @!@!@
@!@!@STARTMSG 2201:0 @!@!@
The coverage statistics at 2017-09-12 17:01:08
@!@!@ENDMSG 2201 @!@!@
@!@!@STARTMSG 2221:0 @!@!@
  line 37, col 18 to line 37, col 62 of module TCommit: 17496
@!@!@ENDMSG 2221 @!@!@
@!@!@STARTMSG 2221:0 @!@!@
  line 41, col 21 to line 41, col 66 of module TCommit: 1024
@!@!@ENDMSG 2221 @!@!@
@!@!@STARTMSG 2221:0 @!@!@
  line 44, col 21 to line 44, col 64 of module TCommit: 34992
@!@!@ENDMSG 2221 @!@!@
@!@!@STARTMSG 2202:0 @!@!@
End of statistics.
@!@!@ENDMSG 2202 @!@!@
@!@!@STARTMSG 2200:0 @!@!@
Progress(17) at 2017-09-12 17:01:08: 53513 states generated (2,502,556 s/min), 6816 distinct states found (318,752 ds/min), 0 states left on queue.
@!@!@ENDMSG 2200 @!@!@
@!@!@STARTMSG 2199:0 @!@!@
53513 states generated, 6816 distinct states found, 0 states left on queue.
@!@!@ENDMSG 2199 @!@!@
@!@!@STARTMSG 2194:0 @!@!@
The depth of the complete state graph search is 17.
@!@!@ENDMSG 2194 @!@!@
@!@!@STARTMSG 2186:0 @!@!@
Finished in 01s at (2017-09-12 17:01:08)
@!@!@ENDMSG 2186 @!@!@
