@!@!@STARTMSG 2262:0 @!@!@
TLC2 Version 2.12 of 29 January 2018
@!@!@ENDMSG 2262 @!@!@
@!@!@STARTMSG 2187:0 @!@!@
Running breadth-first search Model-Checking with 4 workers on 4 cores with 574MB heap and 1289MB offheap memory (Linux 4.13.0-37-generic amd64, Oracle Corporation 1.8.0_161 x86_64).
@!@!@ENDMSG 2187 @!@!@
@!@!@STARTMSG 2220:0 @!@!@
Starting SANY...
@!@!@ENDMSG 2220 @!@!@
Parsing file /home/hengxin/github-projects/tlaplus-lamport-projects/learning-tlaplus/learning-tlaplus-video-course/specs/6-Two-Phase-Commit/TwoPhase.toolbox/TwoPhaseModel/MC.tla
Parsing file /home/hengxin/github-projects/tlaplus-lamport-projects/learning-tlaplus/learning-tlaplus-video-course/specs/6-Two-Phase-Commit/TwoPhase.toolbox/TwoPhaseModel/TwoPhase.tla
Parsing file /home/hengxin/Software/toolbox/plugins/org.lamport.tlatools_1.0.0.201801291236/tla2sany/StandardModules/TLC.tla
Parsing file /home/hengxin/github-projects/tlaplus-lamport-projects/learning-tlaplus/learning-tlaplus-video-course/specs/6-Two-Phase-Commit/TwoPhase.toolbox/TwoPhaseModel/TCommit.tla
Parsing file /home/hengxin/Software/toolbox/plugins/org.lamport.tlatools_1.0.0.201801291236/tla2sany/StandardModules/Naturals.tla
Parsing file /home/hengxin/Software/toolbox/plugins/org.lamport.tlatools_1.0.0.201801291236/tla2sany/StandardModules/Sequences.tla
Semantic processing of module TCommit
Semantic processing of module TwoPhase
Semantic processing of module Naturals
Semantic processing of module Sequences
Semantic processing of module TLC
Semantic processing of module MC
@!@!@STARTMSG 2219:0 @!@!@
SANY finished.
@!@!@ENDMSG 2219 @!@!@
@!@!@STARTMSG 2185:0 @!@!@
Starting... (2018-04-08 14:30:25)
@!@!@ENDMSG 2185 @!@!@
@!@!@STARTMSG 1000:1 @!@!@
TLC threw an unexpected exception.
This was probably caused by an error in the spec or model.
See the User Output or TLC Console for clues to what happened.
The exception was a tlc2.tool.EvalException
: @!@!@STARTMSG 2154:0 @!@!@
Attempted to apply the operator overridden by the Java method
public static tlc2.value.Value tlc2.module.TLC.Permutations(tlc2.value.Value),
but it produced the following error:
Attempted to construct a set with too many elements (>1000000).
@!@!@ENDMSG 2154 @!@!@
@!@!@ENDMSG 1000 @!@!@
@!@!@STARTMSG 2186:0 @!@!@
Finished in 409ms at (2018-04-08 14:30:25)
@!@!@ENDMSG 2186 @!@!@
